<?xml version="1.0" encoding="UTF-8"?>
<!-- Generated by org.testng.reporters.JUnitXMLReporter -->
<testsuite ignored="0" hostname="DESKTOP-OCOSKBL" failures="1" tests="3" name="Test" time="54.552" errors="0" timestamp="2024-10-03T20:06:15 AFT">
  <testcase classname="tests.FourTest" name="testFour" time="22.339">
    <failure type="java.lang.AssertionError" message="expected [true] but found [false]">
      <![CDATA[java.lang.AssertionError: expected [true] but found [false]
at tests.FourTest.testFour(FourTest.java:21)
at java.base/java.util.ArrayList.forEach(ArrayList.java:1511)
... Removed 31 stack frames]]>
    </failure>
  </testcase> <!-- testFour -->
  <testcase classname="tests.LoginTest" name="login" time="4.008"/>
  <testcase classname="tests.LoginTest" name="login" time="1.703"/>
</testsuite> <!-- Test -->
